This file contains any messages produced by compilers while
running configure, to aid debugging if configure makes a mistake.

It was created by weighttp configure 0.4, which was
generated by GNU Autoconf 2.69.  Invocation command line was

  $ ./configure 

## --------- ##
## Platform. ##
## --------- ##

hostname = groovy
uname -m = x86_64
uname -r = 5.8.0-44-generic
uname -s = Linux
uname -v = #50-Ubuntu SMP Tue Feb 9 06:29:41 UTC 2021

/usr/bin/uname -p = x86_64
/bin/uname -X     = unknown

/bin/arch              = x86_64
/usr/bin/arch -k       = unknown
/usr/convex/getsysinfo = unknown
/usr/bin/hostinfo      = unknown
/bin/machine           = unknown
/usr/bin/oslevel       = unknown
/bin/universe          = unknown

PATH: /usr/local/sbin
PATH: /usr/local/bin
PATH: /usr/sbin
PATH: /usr/bin
PATH: /sbin
PATH: /bin
PATH: /usr/games
PATH: /usr/local/games
PATH: /snap/bin
PATH: /opt/oju/bash/bin
PATH: /usr/local/go/bin


## ----------- ##
## Core tests. ##
## ----------- ##

configure:2152: checking for a BSD-compatible install
configure:2220: result: /usr/bin/install -c
configure:2231: checking whether build environment is sane
configure:2286: result: yes
configure:2435: checking for a thread-safe mkdir -p
configure:2474: result: /usr/bin/mkdir -p
configure:2481: checking for gawk
configure:2497: found /usr/bin/gawk
configure:2508: result: gawk
configure:2519: checking whether make sets $(MAKE)
configure:2541: result: yes
configure:2570: checking whether make supports nested variables
configure:2587: result: yes
configure:2763: checking for gcc
configure:2779: found /usr/bin/gcc
configure:2790: result: gcc
configure:3019: checking for C compiler version
configure:3028: gcc --version >&5
gcc (Ubuntu 10.2.0-13ubuntu1) 10.2.0
Copyright (C) 2020 Free Software Foundation, Inc.
This is free software; see the source for copying conditions.  There is NO
warranty; not even for MERCHANTABILITY or FITNESS FOR A PARTICULAR PURPOSE.

configure:3039: $? = 0
configure:3028: gcc -v >&5
Using built-in specs.
COLLECT_GCC=gcc
COLLECT_LTO_WRAPPER=/usr/lib/gcc/x86_64-linux-gnu/10/lto-wrapper
OFFLOAD_TARGET_NAMES=nvptx-none:amdgcn-amdhsa:hsa
OFFLOAD_TARGET_DEFAULT=1
Target: x86_64-linux-gnu
Configured with: ../src/configure -v --with-pkgversion='Ubuntu 10.2.0-13ubuntu1' --with-bugurl=file:///usr/share/doc/gcc-10/README.Bugs --enable-languages=c,ada,c++,go,brig,d,fortran,objc,obj-c++,m2 --prefix=/usr --with-gcc-major-version-only --program-suffix=-10 --program-prefix=x86_64-linux-gnu- --enable-shared --enable-linker-build-id --libexecdir=/usr/lib --without-included-gettext --enable-threads=posix --libdir=/usr/lib --enable-nls --enable-clocale=gnu --enable-libstdcxx-debug --enable-libstdcxx-time=yes --with-default-libstdcxx-abi=new --enable-gnu-unique-object --disable-vtable-verify --enable-plugin --enable-default-pie --with-system-zlib --enable-libphobos-checking=release --with-target-system-zlib=auto --enable-objc-gc=auto --enable-multiarch --disable-werror --with-arch-32=i686 --with-abi=m64 --with-multilib-list=m32,m64,mx32 --enable-multilib --with-tune=generic --enable-offload-targets=nvptx-none=/build/gcc-10-JvwpWM/gcc-10-10.2.0/debian/tmp-nvptx/usr,amdgcn-amdhsa=/build/gcc-10-JvwpWM/gcc-10-10.2.0/debian/tmp-gcn/usr,hsa --without-cuda-driver --enable-checking=release --build=x86_64-linux-gnu --host=x86_64-linux-gnu --target=x86_64-linux-gnu
Thread model: posix
Supported LTO compression algorithms: zlib zstd
gcc version 10.2.0 (Ubuntu 10.2.0-13ubuntu1) 
... rest of stderr output deleted ...
configure:3039: $? = 0
configure:3028: gcc -V >&5
gcc: error: unrecognized command-line option '-V'
gcc: fatal error: no input files
compilation terminated.
configure:3039: $? = 1
configure:3028: gcc -qversion >&5
gcc: error: unrecognized command-line option '-qversion'; did you mean '--version'?
gcc: fatal error: no input files
compilation terminated.
configure:3039: $? = 1
configure:3059: checking whether the C compiler works
configure:3081: gcc    conftest.c  >&5
configure:3085: $? = 0
configure:3133: result: yes
configure:3136: checking for C compiler default output file name
configure:3138: result: a.out
configure:3144: checking for suffix of executables
configure:3151: gcc -o conftest    conftest.c  >&5
configure:3155: $? = 0
configure:3177: result: 
configure:3199: checking whether we are cross compiling
configure:3207: gcc -o conftest    conftest.c  >&5
configure:3211: $? = 0
configure:3218: ./conftest
configure:3222: $? = 0
configure:3210: result: no
configure:3215: checking for suffix of object files
configure:3237: gcc -c   conftest.c >&5
configure:3241: $? = 0
configure:3262: result: o
configure:3266: checking whether we are using the GNU C compiler
configure:3285: gcc -c   conftest.c >&5
configure:3285: $? = 0
configure:3294: result: yes
configure:3303: checking whether gcc accepts -g
configure:3323: gcc -c -g  conftest.c >&5
configure:3323: $? = 0
configure:3364: result: yes
configure:3381: checking for gcc option to accept ISO C89
configure:3444: gcc  -c -g -O2  conftest.c >&5
configure:3444: $? = 0
configure:3457: result: none needed
configure:3482: checking whether gcc understands -c and -o together
configure:3504: gcc -c conftest.c -o conftest2.o
configure:3507: $? = 0
configure:3504: gcc -c conftest.c -o conftest2.o
configure:3507: $? = 0
configure:3519: result: yes
configure:3539: checking whether make supports the include directive
configure:3554: make -f confmf.GNU && cat confinc.out
this is the am__doit target
configure:3557: $? = 0
configure:3576: result: yes (GNU style)
configure:3601: checking dependency style of gcc
configure:3712: result: gcc3
configure:3733: checking for library containing socket
configure:3764: gcc -o conftest -g -O2   conftest.c  >&5
configure:3764: $? = 0
configure:3781: result: none required
configure:3792: checking for pthread support
configure:3794: checking for library containing pthread_create
configure:3825: gcc -o conftest -g -O2   conftest.c  >&5
/usr/bin/ld: /tmp/cc5fDQha.o: in function `main':
/root/work/lighttpd/lighttpd-weighttp-f680bec/conftest.c:22: undefined reference to `pthread_create'
collect2: error: ld returned 1 exit status
configure:3825: $? = 1
configure: failed program was:
| /* confdefs.h */
| #define PACKAGE_NAME "weighttp"
| #define PACKAGE_TARNAME "weighttp"
| #define PACKAGE_VERSION "0.4"
| #define PACKAGE_STRING "weighttp 0.4"
| #define PACKAGE_BUGREPORT ""
| #define PACKAGE_URL ""
| #define PACKAGE "weighttp"
| #define VERSION "0.4"
| /* end confdefs.h.  */
| 
| /* Override any GCC internal prototype to avoid an error.
|    Use char because int might match the return type of a GCC
|    builtin and then its argument prototype would still apply.  */
| #ifdef __cplusplus
| extern "C"
| #endif
| char pthread_create ();
| int
| main ()
| {
| return pthread_create ();
|   ;
|   return 0;
| }
configure:3825: gcc -o conftest -g -O2   conftest.c -lpthread   >&5
configure:3825: $? = 0
configure:3842: result: -lpthread
configure:3856: checking for libev support
configure:3924: checking for pkg-config
configure:3942: found /usr/bin/pkg-config
configure:3954: result: /usr/bin/pkg-config
configure:3979: checking pkg-config is at least version 0.9.0
configure:3982: result: yes
configure:3995: checking how to run the C preprocessor
configure:4026: gcc -E  conftest.c
configure:4026: $? = 0
configure:4040: gcc -E  conftest.c
conftest.c:11:10: fatal error: ac_nonexistent.h: No such file or directory
   11 | #include <ac_nonexistent.h>
      |          ^~~~~~~~~~~~~~~~~~
compilation terminated.
configure:4040: $? = 1
configure: failed program was:
| /* confdefs.h */
| #define PACKAGE_NAME "weighttp"
| #define PACKAGE_TARNAME "weighttp"
| #define PACKAGE_VERSION "0.4"
| #define PACKAGE_STRING "weighttp 0.4"
| #define PACKAGE_BUGREPORT ""
| #define PACKAGE_URL ""
| #define PACKAGE "weighttp"
| #define VERSION "0.4"
| /* end confdefs.h.  */
| #include <ac_nonexistent.h>
configure:4065: result: gcc -E
configure:4085: gcc -E  conftest.c
configure:4085: $? = 0
configure:4099: gcc -E  conftest.c
conftest.c:11:10: fatal error: ac_nonexistent.h: No such file or directory
   11 | #include <ac_nonexistent.h>
      |          ^~~~~~~~~~~~~~~~~~
compilation terminated.
configure:4099: $? = 1
configure: failed program was:
| /* confdefs.h */
| #define PACKAGE_NAME "weighttp"
| #define PACKAGE_TARNAME "weighttp"
| #define PACKAGE_VERSION "0.4"
| #define PACKAGE_STRING "weighttp 0.4"
| #define PACKAGE_BUGREPORT ""
| #define PACKAGE_URL ""
| #define PACKAGE "weighttp"
| #define VERSION "0.4"
| /* end confdefs.h.  */
| #include <ac_nonexistent.h>
configure:4128: checking for grep that handles long lines and -e
configure:4186: result: /usr/bin/grep
configure:4191: checking for egrep
configure:4253: result: /usr/bin/grep -E
configure:4258: checking for ANSI C header files
configure:4278: gcc -c -pthread -g -O2  conftest.c >&5
configure:4278: $? = 0
configure:4351: gcc -o conftest -pthread -g -O2  -pthread  conftest.c -lpthread  >&5
configure:4351: $? = 0
configure:4351: ./conftest
configure:4351: $? = 0
configure:4362: result: yes
configure:4375: checking for sys/types.h
configure:4375: gcc -c -pthread -g -O2  conftest.c >&5
configure:4375: $? = 0
configure:4375: result: yes
configure:4375: checking for sys/stat.h
configure:4375: gcc -c -pthread -g -O2  conftest.c >&5
configure:4375: $? = 0
configure:4375: result: yes
configure:4375: checking for stdlib.h
configure:4375: gcc -c -pthread -g -O2  conftest.c >&5
configure:4375: $? = 0
configure:4375: result: yes
configure:4375: checking for string.h
configure:4375: gcc -c -pthread -g -O2  conftest.c >&5
configure:4375: $? = 0
configure:4375: result: yes
configure:4375: checking for memory.h
configure:4375: gcc -c -pthread -g -O2  conftest.c >&5
configure:4375: $? = 0
configure:4375: result: yes
configure:4375: checking for strings.h
configure:4375: gcc -c -pthread -g -O2  conftest.c >&5
configure:4375: $? = 0
configure:4375: result: yes
configure:4375: checking for inttypes.h
configure:4375: gcc -c -pthread -g -O2  conftest.c >&5
configure:4375: $? = 0
configure:4375: result: yes
configure:4375: checking for stdint.h
configure:4375: gcc -c -pthread -g -O2  conftest.c >&5
configure:4375: $? = 0
configure:4375: result: yes
configure:4375: checking for unistd.h
configure:4375: gcc -c -pthread -g -O2  conftest.c >&5
configure:4375: $? = 0
configure:4375: result: yes
configure:4389: checking for libev
configure:4396: $PKG_CONFIG --exists --print-errors "libev"
Package libev was not found in the pkg-config search path.
Perhaps you should add the directory containing `libev.pc'
to the PKG_CONFIG_PATH environment variable
No package 'libev' found
configure:4399: $? = 1
configure:4413: $PKG_CONFIG --exists --print-errors "libev"
Package libev was not found in the pkg-config search path.
Perhaps you should add the directory containing `libev.pc'
to the PKG_CONFIG_PATH environment variable
No package 'libev' found
configure:4416: $? = 1
configure:4430: result: no
No package 'libev' found
configure:4455: checking ev.h usability
configure:4455: gcc -c -pthread -g -O2  conftest.c >&5
configure:4455: $? = 0
configure:4455: result: yes
configure:4455: checking ev.h presence
configure:4455: gcc -E  conftest.c
configure:4455: $? = 0
configure:4455: result: yes
configure:4455: checking for ev.h
configure:4455: result: yes
configure:4461: checking for ev_time in -lev
configure:4486: gcc -o conftest -pthread -g -O2  -pthread  conftest.c -lev  -lpthread  >&5
configure:4486: $? = 0
configure:4495: result: yes
configure:4607: checking if gcc supports -fno-strict-aliasing
configure:4628: gcc -c -pthread -g -O2 -fno-strict-aliasing  conftest.c >&5
configure:4628: $? = 0
configure:4629: result: yes
configure:4647: checking if gcc supports -fPIC
configure:4668: gcc -c -pthread -g -O2 -fno-strict-aliasing -fPIC  conftest.c >&5
configure:4668: $? = 0
configure:4669: result: yes
configure:4690: checking if gcc supports -Wall -W -Wshadow -pedantic
configure:4711: gcc -c -pthread -g -O2 -fno-strict-aliasing -fPIC -Wall -W -Wshadow -pedantic  conftest.c >&5
configure:4711: $? = 0
configure:4712: result: yes
configure:4730: checking if gcc supports -std=gnu99
configure:4751: gcc -c -pthread -g -O2 -fno-strict-aliasing -fPIC -Wall -W -Wshadow -pedantic -std=gnu99  conftest.c >&5
configure:4751: $? = 0
configure:4752: result: yes
configure:4930: checking that generated files are newer than configure
configure:4936: result: done
configure:4959: creating ./config.status

## ---------------------- ##
## Running config.status. ##
## ---------------------- ##

This file was extended by weighttp config.status 0.4, which was
generated by GNU Autoconf 2.69.  Invocation command line was

  CONFIG_FILES    = 
  CONFIG_HEADERS  = 
  CONFIG_LINKS    = 
  CONFIG_COMMANDS = 
  $ ./config.status 

on groovy

config.status:856: creating Makefile
config.status:856: creating src/Makefile
config.status:856: creating src/config.h
config.status:1085: executing depfiles commands
config.status:1162: cd src       && sed -e '/# am--include-marker/d' Makefile         | make -f - am--depfiles
config.status:1167: $? = 0

## ---------------- ##
## Cache variables. ##
## ---------------- ##

ac_cv_c_compiler_gnu=yes
ac_cv_env_CC_set=
ac_cv_env_CC_value=
ac_cv_env_CFLAGS_set=
ac_cv_env_CFLAGS_value=
ac_cv_env_CPPFLAGS_set=
ac_cv_env_CPPFLAGS_value=
ac_cv_env_CPP_set=
ac_cv_env_CPP_value=
ac_cv_env_LDFLAGS_set=
ac_cv_env_LDFLAGS_value=
ac_cv_env_LIBEV_CFLAGS_set=
ac_cv_env_LIBEV_CFLAGS_value=
ac_cv_env_LIBEV_LIBS_set=
ac_cv_env_LIBEV_LIBS_value=
ac_cv_env_LIBS_set=
ac_cv_env_LIBS_value=
ac_cv_env_PKG_CONFIG_LIBDIR_set=
ac_cv_env_PKG_CONFIG_LIBDIR_value=
ac_cv_env_PKG_CONFIG_PATH_set=
ac_cv_env_PKG_CONFIG_PATH_value=
ac_cv_env_PKG_CONFIG_set=
ac_cv_env_PKG_CONFIG_value=
ac_cv_env_build_alias_set=
ac_cv_env_build_alias_value=
ac_cv_env_host_alias_set=
ac_cv_env_host_alias_value=
ac_cv_env_target_alias_set=
ac_cv_env_target_alias_value=
ac_cv_header_ev_h=yes
ac_cv_header_inttypes_h=yes
ac_cv_header_memory_h=yes
ac_cv_header_stdc=yes
ac_cv_header_stdint_h=yes
ac_cv_header_stdlib_h=yes
ac_cv_header_string_h=yes
ac_cv_header_strings_h=yes
ac_cv_header_sys_stat_h=yes
ac_cv_header_sys_types_h=yes
ac_cv_header_unistd_h=yes
ac_cv_lib_ev_ev_time=yes
ac_cv_objext=o
ac_cv_path_EGREP='/usr/bin/grep -E'
ac_cv_path_GREP=/usr/bin/grep
ac_cv_path_ac_pt_PKG_CONFIG=/usr/bin/pkg-config
ac_cv_path_install='/usr/bin/install -c'
ac_cv_path_mkdir=/usr/bin/mkdir
ac_cv_prog_AWK=gawk
ac_cv_prog_CPP='gcc -E'
ac_cv_prog_ac_ct_CC=gcc
ac_cv_prog_cc_c89=
ac_cv_prog_cc_g=yes
ac_cv_prog_make_make_set=yes
ac_cv_search_pthread_create=-lpthread
ac_cv_search_socket='none required'
am_cv_CC_dependencies_compiler_type=gcc3
am_cv_make_support_nested_variables=yes
am_cv_prog_cc_c_o=yes

## ----------------- ##
## Output variables. ##
## ----------------- ##

ACLOCAL='${SHELL} /root/work/lighttpd/lighttpd-weighttp-f680bec/missing aclocal-1.16'
AMDEPBACKSLASH='\'
AMDEP_FALSE='#'
AMDEP_TRUE=''
AMTAR='$${TAR-tar}'
AM_BACKSLASH='\'
AM_DEFAULT_V='$(AM_DEFAULT_VERBOSITY)'
AM_DEFAULT_VERBOSITY='1'
AM_V='$(V)'
AUTOCONF='${SHELL} /root/work/lighttpd/lighttpd-weighttp-f680bec/missing autoconf'
AUTOHEADER='${SHELL} /root/work/lighttpd/lighttpd-weighttp-f680bec/missing autoheader'
AUTOMAKE='${SHELL} /root/work/lighttpd/lighttpd-weighttp-f680bec/missing automake-1.16'
AWK='gawk'
CC='gcc'
CCDEPMODE='depmode=gcc3'
CFLAGS='-pthread -g -O2 -fno-strict-aliasing -fPIC -Wall -W -Wshadow -pedantic -std=gnu99'
CPP='gcc -E'
CPPFLAGS=''
CYGPATH_W='echo'
DEFS='-DHAVE_CONFIG_H'
DEPDIR='.deps'
ECHO_C=''
ECHO_N='-n'
ECHO_T=''
EGREP='/usr/bin/grep -E'
EXEEXT=''
GREP='/usr/bin/grep'
INSTALL_DATA='${INSTALL} -m 644'
INSTALL_PROGRAM='${INSTALL}'
INSTALL_SCRIPT='${INSTALL}'
INSTALL_STRIP_PROGRAM='$(install_sh) -c -s'
LDFLAGS='-pthread '
LIBEV_CFLAGS=''
LIBEV_LIBS='-lev'
LIBOBJS=''
LIBS='-lpthread '
LTLIBOBJS=''
MAKEINFO='${SHELL} /root/work/lighttpd/lighttpd-weighttp-f680bec/missing makeinfo'
MKDIR_P='/usr/bin/mkdir -p'
OBJEXT='o'
PACKAGE='weighttp'
PACKAGE_BUGREPORT=''
PACKAGE_NAME='weighttp'
PACKAGE_STRING='weighttp 0.4'
PACKAGE_TARNAME='weighttp'
PACKAGE_URL=''
PACKAGE_VERSION='0.4'
PATH_SEPARATOR=':'
PKG_CONFIG='/usr/bin/pkg-config'
PKG_CONFIG_LIBDIR=''
PKG_CONFIG_PATH=''
SET_MAKE=''
SHELL='/bin/bash'
STRIP=''
VERSION='0.4'
ac_ct_CC='gcc'
am__EXEEXT_FALSE=''
am__EXEEXT_TRUE='#'
am__fastdepCC_FALSE='#'
am__fastdepCC_TRUE=''
am__include='include'
am__isrc=''
am__leading_dot='.'
am__nodep='_no'
am__quote=''
am__tar='$${TAR-tar} chof - "$$tardir"'
am__untar='$${TAR-tar} xf -'
bindir='${exec_prefix}/bin'
build_alias=''
datadir='${datarootdir}'
datarootdir='${prefix}/share'
docdir='${datarootdir}/doc/${PACKAGE_TARNAME}'
dvidir='${docdir}'
exec_prefix='${prefix}'
host_alias=''
htmldir='${docdir}'
includedir='${prefix}/include'
infodir='${datarootdir}/info'
install_sh='${SHELL} /root/work/lighttpd/lighttpd-weighttp-f680bec/install-sh'
libdir='${exec_prefix}/lib'
libexecdir='${exec_prefix}/libexec'
localedir='${datarootdir}/locale'
localstatedir='${prefix}/var'
mandir='${datarootdir}/man'
mkdir_p='$(MKDIR_P)'
oldincludedir='/usr/include'
pdfdir='${docdir}'
prefix='/usr/local'
program_transform_name='s,x,x,'
psdir='${docdir}'
runstatedir='${localstatedir}/run'
sbindir='${exec_prefix}/sbin'
sharedstatedir='${prefix}/com'
sysconfdir='${prefix}/etc'
target_alias=''

## ----------- ##
## confdefs.h. ##
## ----------- ##

/* confdefs.h */
#define PACKAGE_NAME "weighttp"
#define PACKAGE_TARNAME "weighttp"
#define PACKAGE_VERSION "0.4"
#define PACKAGE_STRING "weighttp 0.4"
#define PACKAGE_BUGREPORT ""
#define PACKAGE_URL ""
#define PACKAGE "weighttp"
#define VERSION "0.4"
#define STDC_HEADERS 1
#define HAVE_SYS_TYPES_H 1
#define HAVE_SYS_STAT_H 1
#define HAVE_STDLIB_H 1
#define HAVE_STRING_H 1
#define HAVE_MEMORY_H 1
#define HAVE_STRINGS_H 1
#define HAVE_INTTYPES_H 1
#define HAVE_STDINT_H 1
#define HAVE_UNISTD_H 1
#define HAVE_EV_H 1

configure: exit 0
